build/outputs/logs/manifest-merger-debug-report.txt
-- Merging decision tree log ---
manifest
ADDED from AndroidStudioProjects\AndroidPubSubWebSocket\AndroidManifest.xml:2:1-26:12
INJECTED from AndroidStudioProjects\AndroidPubSubWebSocket\AndroidManifest.xml:2:1-26:12
INJECTED from AndroidStudioProjects\AndroidPubSubWebSocket\AndroidManifest.xml:2:1-26:12
INJECTED from AndroidStudioProjects\AndroidPubSubWebSocket\AndroidManifest.xml:2:1-26:12
INJECTED from AndroidStudioProjects\AndroidPubSubWebSocket\AndroidManifest.xml:2:1-26:12
	package
		ADDED from AndroidStudioProjects\AndroidPubSubWebSocket\AndroidManifest.xml:3:5-56
	android:versionName
		ADDED from AndroidStudioProjects\AndroidPubSubWebSocket\AndroidManifest.xml:5:5-30
		INJECTED from AndroidStudioProjects\AndroidPubSubWebSocket\AndroidManifest.xml
		INJECTED from AndroidStudioProjects\AndroidPubSubWebSocket\AndroidManifest.xml
	xmlns:android
		ADDED from AndroidStudioProjects\AndroidPubSubWebSocket\AndroidManifest.xml:2:11-69
	android:versionCode
		ADDED from AndroidStudioProjects\AndroidPubSubWebSocket\AndroidManifest.xml:4:5-28
		INJECTED from AndroidStudioProjects\AndroidPubSubWebSocket\AndroidManifest.xml
		INJECTED from AndroidStudioProjects\AndroidPubSubWebSocket\AndroidManifest.xml
uses-sdk
ADDED from AndroidStudioProjects\AndroidPubSubWebSocket\AndroidManifest.xml:7:5-9:41
INJECTED from AndroidStudioProjects\AndroidPubSubWebSocket\AndroidManifest.xml:7:5-9:41
INJECTED from AndroidStudioProjects\AndroidPubSubWebSocket\AndroidManifest.xml:7:5-9:41
INJECTED from AndroidStudioProjects\AndroidPubSubWebSocket\AndroidManifest.xml:7:5-9:41
INJECTED from AndroidStudioProjects\AndroidPubSubWebSocket\AndroidManifest.xml:7:5-9:41
	android:targetSdkVersion
		ADDED from AndroidStudioProjects\AndroidPubSubWebSocket\AndroidManifest.xml:9:9-38
		INJECTED from AndroidStudioProjects\AndroidPubSubWebSocket\AndroidManifest.xml
		INJECTED from AndroidStudioProjects\AndroidPubSubWebSocket\AndroidManifest.xml
	android:minSdkVersion
		ADDED from AndroidStudioProjects\AndroidPubSubWebSocket\AndroidManifest.xml:8:9-35
		INJECTED from AndroidStudioProjects\AndroidPubSubWebSocket\AndroidManifest.xml
		INJECTED from AndroidStudioProjects\AndroidPubSubWebSocket\AndroidManifest.xml
uses-permission#android.permission.INTERNET
ADDED from AndroidStudioProjects\AndroidPubSubWebSocket\AndroidManifest.xml:11:5-67
	android:name
		ADDED from AndroidStudioProjects\AndroidPubSubWebSocket\AndroidManifest.xml:11:22-64
application
ADDED from AndroidStudioProjects\AndroidPubSubWebSocket\AndroidManifest.xml:13:5-24:19
	android:label
		ADDED from AndroidStudioProjects\AndroidPubSubWebSocket\AndroidManifest.xml:16:9-41
	android:icon
		ADDED from AndroidStudioProjects\AndroidPubSubWebSocket\AndroidManifest.xml:15:9-45
	android:allowBackup
		ADDED from AndroidStudioProjects\AndroidPubSubWebSocket\AndroidManifest.xml:14:9-35
activity#com.amazonaws.demo.androidpubsubwebsocket.PubSubActivity
ADDED from AndroidStudioProjects\AndroidPubSubWebSocket\AndroidManifest.xml:17:9-23:20
	android:name
		ADDED from AndroidStudioProjects\AndroidPubSubWebSocket\AndroidManifest.xml:17:19-90
intent-filter#action:name:android.intent.action.MAIN+category:name:android.intent.category.LAUNCHER
ADDED from AndroidStudioProjects\AndroidPubSubWebSocket\AndroidManifest.xml:18:13-22:29
action#android.intent.action.MAIN
ADDED from AndroidStudioProjects\AndroidPubSubWebSocket\AndroidManifest.xml:19:17-69
	android:name
		ADDED from AndroidStudioProjects\AndroidPubSubWebSocket\AndroidManifest.xml:19:25-66
category#android.intent.category.LAUNCHER
ADDED from AndroidStudioProjects\AndroidPubSubWebSocket\AndroidManifest.xml:21:17-77
	android:name
		ADDED from AndroidStudioProjects\AndroidPubSubWebSocket\AndroidManifest.xml:21:27-74